<?xml version="1.0" encoding="UTF-8"?>
<!-- Generated by org.testng.reporters.JUnitXMLReporter -->
<testsuite hostname="Anuvetri" ignored="8" name="Test" tests="9" failures="0" timestamp="16 Apr 2020 05:57:15 GMT" time="63.776" errors="0">
  <testcase name="Br" time="7.181" classname="com.ebanking.master.BranchNG"/>
  <testcase name="Br" time="6.528" classname="com.ebanking.master.BranchNG"/>
  <testcase name="Br" time="6.644" classname="com.ebanking.master.BranchNG"/>
  <testcase name="emp" time="8.512" classname="com.ebanking.master.Emp"/>
  <testcase name="emp" time="8.088" classname="com.ebanking.master.Emp"/>
  <testcase name="emp" time="8.007" classname="com.ebanking.master.Emp"/>
  <testcase name="Role" time="5.774" classname="com.ebanking.master.RoleNG"/>
  <testcase name="Role" time="5.598" classname="com.ebanking.master.RoleNG"/>
  <testcase name="Role" time="5.661" classname="com.ebanking.master.RoleNG"/>
  <testcase name="@BeforeTest beforeTest" time="0.0" classname="com.ebanking.master.Base">
    <ignored/>
  </testcase> <!-- @BeforeTest beforeTest -->
  <testcase name="@BeforeTest beforeTest" time="0.0" classname="com.ebanking.master.Base">
    <ignored/>
  </testcase> <!-- @BeforeTest beforeTest -->
  <testcase name="@AfterTest afterTest" time="0.0" classname="com.ebanking.master.Base">
    <ignored/>
  </testcase> <!-- @AfterTest afterTest -->
  <testcase name="@AfterTest afterTest" time="0.0" classname="com.ebanking.master.Base">
    <ignored/>
  </testcase> <!-- @AfterTest afterTest -->
  <testcase name="@BeforeSuite beforeSuite" time="0.0" classname="com.ebanking.master.Base">
    <ignored/>
  </testcase> <!-- @BeforeSuite beforeSuite -->
  <testcase name="@BeforeSuite beforeSuite" time="0.0" classname="com.ebanking.master.Base">
    <ignored/>
  </testcase> <!-- @BeforeSuite beforeSuite -->
  <testcase name="@AfterSuite afterSuite" time="0.0" classname="com.ebanking.master.Base">
    <ignored/>
  </testcase> <!-- @AfterSuite afterSuite -->
  <testcase name="@AfterSuite afterSuite" time="0.0" classname="com.ebanking.master.Base">
    <ignored/>
  </testcase> <!-- @AfterSuite afterSuite -->
</testsuite> <!-- Test -->
