<?xml version="1.0" encoding="UTF-8"?>
<testng-results skipped="0" failed="0" ignored="0" total="2" passed="2">
  <reporter-output>
  </reporter-output>
  <suite name="Suite" duration-ms="15512" started-at="2020-04-28T06:23:11Z" finished-at="2020-04-28T06:23:27Z">
    <groups>
    </groups>
    <test name="onchrome" duration-ms="13127" started-at="2020-04-28T06:23:11Z" finished-at="2020-04-28T06:23:25Z">
      <class name="com.ebanking.master.Grid">
        <test-method status="PASS" signature="gd(java.lang.String)[pri:0, instance:com.ebanking.master.Grid@587d1d39]" name="gd" duration-ms="13073" started-at="2020-04-28T06:23:12Z" finished-at="2020-04-28T06:23:25Z">
          <params>
            <param index="0">
              <value>
                <![CDATA[chrome]]>
              </value>
            </param>
          </params>
          <reporter-output>
          </reporter-output>
        </test-method> <!-- gd -->
      </class> <!-- com.ebanking.master.Grid -->
    </test> <!-- onchrome -->
    <test name="onfirefox" duration-ms="15512" started-at="2020-04-28T06:23:11Z" finished-at="2020-04-28T06:23:27Z">
      <class name="com.ebanking.master.Grid">
        <test-method status="PASS" signature="gd(java.lang.String)[pri:0, instance:com.ebanking.master.Grid@52feb982]" name="gd" duration-ms="15477" started-at="2020-04-28T06:23:12Z" finished-at="2020-04-28T06:23:27Z">
          <params>
            <param index="0">
              <value>
                <![CDATA[firefox]]>
              </value>
            </param>
          </params>
          <reporter-output>
          </reporter-output>
        </test-method> <!-- gd -->
      </class> <!-- com.ebanking.master.Grid -->
    </test> <!-- onfirefox -->
  </suite> <!-- Suite -->
</testng-results>
